<?xml version="1.0" encoding="UTF-8"?>
<testsuite name="com.zero.android.WebSocketEventParserTest" tests="2" skipped="0" failures="0" errors="0" timestamp="2026-03-21T09:03:06.165Z" hostname="m2.local" time="0.229">
  <properties/>
  <testcase name="parsesAgentProgress" classname="com.zero.android.WebSocketEventParserTest" time="0.017"/>
  <testcase name="parsesAgentUpdated" classname="com.zero.android.WebSocketEventParserTest" time="0.212"/>
  <system-out><![CDATA[]]></system-out>
  <system-err><![CDATA[]]></system-err>
</testsuite>
