<?xml version="1.0" encoding="UTF-8"?>
<testsuite name="com.zero.android.UrlUtilsTest" tests="6" skipped="0" failures="0" errors="0" timestamp="2026-03-21T09:03:06.396Z" hostname="m2.local" time="0.011">
  <properties/>
  <testcase name="normalizeBaseUrlRejectsInvalid" classname="com.zero.android.UrlUtilsTest" time="0.01"/>
  <testcase name="baseUrlToWebSocketUrlConvertsHttpToWs" classname="com.zero.android.UrlUtilsTest" time="0.0"/>
  <testcase name="baseUrlToWebSocketUrlConvertsHttpsToWss" classname="com.zero.android.UrlUtilsTest" time="0.0"/>
  <testcase name="normalizeBaseUrlStripsPath" classname="com.zero.android.UrlUtilsTest" time="0.0"/>
  <testcase name="normalizeBaseUrlConvertsWebSocketScheme" classname="com.zero.android.UrlUtilsTest" time="0.0"/>
  <testcase name="normalizeBaseUrlAddsSchemeAndSlash" classname="com.zero.android.UrlUtilsTest" time="0.0"/>
  <system-out><![CDATA[]]></system-out>
  <system-err><![CDATA[]]></system-err>
</testsuite>
