<?xml version="1.0" encoding="UTF-8"?>
<testsuite name="com.zero.android.UrlUtilsTest" tests="6" skipped="0" failures="0" errors="0" timestamp="2026-02-08T08:05:11" hostname="m2.local" time="0.051">
  <properties/>
  <testcase name="normalizeBaseUrlRejectsInvalid" classname="com.zero.android.UrlUtilsTest" time="0.049"/>
  <testcase name="baseUrlToWebSocketUrlConvertsHttpToWs" classname="com.zero.android.UrlUtilsTest" time="0.001"/>
  <testcase name="baseUrlToWebSocketUrlConvertsHttpsToWss" classname="com.zero.android.UrlUtilsTest" time="0.0"/>
  <testcase name="normalizeBaseUrlStripsPath" classname="com.zero.android.UrlUtilsTest" time="0.0"/>
  <testcase name="normalizeBaseUrlConvertsWebSocketScheme" classname="com.zero.android.UrlUtilsTest" time="0.001"/>
  <testcase name="normalizeBaseUrlAddsSchemeAndSlash" classname="com.zero.android.UrlUtilsTest" time="0.0"/>
  <system-out><![CDATA[]]></system-out>
  <system-err><![CDATA[]]></system-err>
</testsuite>
